Performing C++ SOURCE FILE Test CMAKE_HAVE_LIBC_PTHREAD failed with the following output:
Change Dir: /home/kot/Prog/Boost-Asio-Test/build/CMakeFiles/CMakeTmp

Run Build Command(s):/usr/bin/make cmTC_9156f/fast && /usr/bin/make -f CMakeFiles/cmTC_9156f.dir/build.make CMakeFiles/cmTC_9156f.dir/build
make[1]: Entering directory '/home/kot/Prog/Boost-Asio-Test/build/CMakeFiles/CMakeTmp'
Building CXX object CMakeFiles/cmTC_9156f.dir/src.cxx.o
/usr/bin/c++    -lm -Wno-unknown-pragmas -Wall -Wextra -Werror -fprofile-arcs -ftest-coverage -lgcov -DCMAKE_HAVE_LIBC_PTHREAD   -std=gnu++14 -o CMakeFiles/cmTC_9156f.dir/src.cxx.o -c /home/kot/Prog/Boost-Asio-Test/build/CMakeFiles/CMakeTmp/src.cxx
Linking CXX executable cmTC_9156f
/usr/bin/cmake -E cmake_link_script CMakeFiles/cmTC_9156f.dir/link.txt --verbose=1
/usr/bin/c++  -lm -Wno-unknown-pragmas -Wall -Wextra -Werror -fprofile-arcs -ftest-coverage -lgcov -DCMAKE_HAVE_LIBC_PTHREAD  -lgcov --coverage  CMakeFiles/cmTC_9156f.dir/src.cxx.o  -o cmTC_9156f 
/usr/bin/ld: CMakeFiles/cmTC_9156f.dir/src.cxx.o: in function `main':
src.cxx:(.text+0x6a): undefined reference to `pthread_create'
/usr/bin/ld: src.cxx:(.text+0x88): undefined reference to `pthread_detach'
/usr/bin/ld: src.cxx:(.text+0xab): undefined reference to `pthread_join'
collect2: error: ld returned 1 exit status
make[1]: *** [CMakeFiles/cmTC_9156f.dir/build.make:87: cmTC_9156f] Error 1
make[1]: Leaving directory '/home/kot/Prog/Boost-Asio-Test/build/CMakeFiles/CMakeTmp'
make: *** [Makefile:121: cmTC_9156f/fast] Error 2


Source file was:
#include <pthread.h>

void* test_func(void* data)
{
  return data;
}

int main(void)
{
  pthread_t thread;
  pthread_create(&thread, NULL, test_func, NULL);
  pthread_detach(thread);
  pthread_join(thread, NULL);
  pthread_atfork(NULL, NULL, NULL);
  pthread_exit(NULL);

  return 0;
}

Determining if the function pthread_create exists in the pthreads failed with the following output:
Change Dir: /home/kot/Prog/Boost-Asio-Test/build/CMakeFiles/CMakeTmp

Run Build Command(s):/usr/bin/make cmTC_b0bbd/fast && /usr/bin/make -f CMakeFiles/cmTC_b0bbd.dir/build.make CMakeFiles/cmTC_b0bbd.dir/build
make[1]: Entering directory '/home/kot/Prog/Boost-Asio-Test/build/CMakeFiles/CMakeTmp'
Building CXX object CMakeFiles/cmTC_b0bbd.dir/CheckFunctionExists.cxx.o
/usr/bin/c++    -lm -Wno-unknown-pragmas -Wall -Wextra -Werror -fprofile-arcs -ftest-coverage -lgcov -DCHECK_FUNCTION_EXISTS=pthread_create   -std=gnu++14 -o CMakeFiles/cmTC_b0bbd.dir/CheckFunctionExists.cxx.o -c /home/kot/Prog/Boost-Asio-Test/build/CMakeFiles/CheckLibraryExists/CheckFunctionExists.cxx
Linking CXX executable cmTC_b0bbd
/usr/bin/cmake -E cmake_link_script CMakeFiles/cmTC_b0bbd.dir/link.txt --verbose=1
/usr/bin/c++  -lm -Wno-unknown-pragmas -Wall -Wextra -Werror -fprofile-arcs -ftest-coverage -lgcov -DCHECK_FUNCTION_EXISTS=pthread_create  -lgcov --coverage  CMakeFiles/cmTC_b0bbd.dir/CheckFunctionExists.cxx.o  -o cmTC_b0bbd  -lpthreads 
/usr/bin/ld: cannot find -lpthreads
collect2: error: ld returned 1 exit status
make[1]: *** [CMakeFiles/cmTC_b0bbd.dir/build.make:87: cmTC_b0bbd] Error 1
make[1]: Leaving directory '/home/kot/Prog/Boost-Asio-Test/build/CMakeFiles/CMakeTmp'
make: *** [Makefile:121: cmTC_b0bbd/fast] Error 2



